<?xml version="1.0" encoding="utf-8"?><testsuites name="pytest tests"><testsuite name="pytest" errors="0" failures="0" skipped="0" tests="26" time="4.038" timestamp="2026-05-12T16:19:04.523895+00:00" hostname="agent-env-5bf3ed2f-472d-4807-a1ef-78ed6fac7d82"><testcase classname="backend.tests.test_pmm_api" name="test_health" time="0.273" /><testcase classname="backend.tests.test_pmm_api" name="test_register_returns_user_and_token" time="0.290" /><testcase classname="backend.tests.test_pmm_api" name="test_register_duplicate_email" time="0.066" /><testcase classname="backend.tests.test_pmm_api" name="test_register_short_password" time="0.074" /><testcase classname="backend.tests.test_pmm_api" name="test_login_success" time="0.286" /><testcase classname="backend.tests.test_pmm_api" name="test_login_invalid_credentials" time="0.286" /><testcase classname="backend.tests.test_pmm_api" name="test_me_without_token" time="0.183" /><testcase classname="backend.tests.test_pmm_api" name="test_me_with_token" time="0.159" /><testcase classname="backend.tests.test_pmm_api" name="test_update_me_rfc_uppercase_truncated" time="0.153" /><testcase classname="backend.tests.test_pmm_api" name="test_google_session_invalid" time="0.214" /><testcase classname="backend.tests.test_pmm_api" name="test_logout_invalidates_session" time="0.663" /><testcase classname="backend.tests.test_pmm_api" name="test_quote_estandar" time="0.065" /><testcase classname="backend.tests.test_pmm_api" name="test_quote_invalid_peso" time="0.063" /><testcase classname="backend.tests.test_pmm_api" name="test_tracking" time="0.063" /><testcase classname="backend.tests.test_pmm_api" name="test_branches_list" time="0.062" /><testcase classname="backend.tests.test_pmm_api" name="test_branches_coverage" time="0.064" /><testcase classname="backend.tests.test_pmm_api" name="test_invoice" time="0.060" /><testcase classname="backend.tests.test_pmm_api" name="test_posts_list" time="0.061" /><testcase classname="backend.tests.test_pmm_api" name="test_services_returns_eight" time="0.063" /><testcase classname="backend.tests.test_pmm_api" name="test_create_lead" time="0.070" /><testcase classname="backend.tests.test_pmm_api" name="test_products_list" time="0.069" /><testcase classname="backend.tests.test_pmm_api" name="test_checkout_without_auth_returns_401" time="0.059" /><testcase classname="backend.tests.test_pmm_api" name="test_checkout_success_with_auth" time="0.145" /><testcase classname="backend.tests.test_pmm_api" name="test_checkout_empty_cart" time="0.138" /><testcase classname="backend.tests.test_pmm_api" name="test_orders_mine_without_auth_returns_401" time="0.062" /><testcase classname="backend.tests.test_pmm_api" name="test_orders_mine_returns_users_orders" time="0.138" /></testsuite></testsuites>