<?xml version="1.0" encoding="utf-8"?><testsuites name="pytest tests"><testsuite name="pytest" errors="0" failures="0" skipped="0" tests="15" time="1.489" timestamp="2026-05-12T00:31:56.590135+00:00" hostname="agent-env-5bf3ed2f-472d-4807-a1ef-78ed6fac7d82"><testcase classname="backend.tests.test_pmm_api" name="test_health" time="0.167" /><testcase classname="backend.tests.test_pmm_api" name="test_quote_estandar" time="0.063" /><testcase classname="backend.tests.test_pmm_api" name="test_quote_invalid_peso" time="0.058" /><testcase classname="backend.tests.test_pmm_api" name="test_quote_invalid_cp" time="0.063" /><testcase classname="backend.tests.test_pmm_api" name="test_tracking" time="0.067" /><testcase classname="backend.tests.test_pmm_api" name="test_branches_list" time="0.056" /><testcase classname="backend.tests.test_pmm_api" name="test_branches_filter_q" time="0.073" /><testcase classname="backend.tests.test_pmm_api" name="test_branches_filter_estado" time="0.068" /><testcase classname="backend.tests.test_pmm_api" name="test_branches_coverage" time="0.054" /><testcase classname="backend.tests.test_pmm_api" name="test_invoice" time="0.073" /><testcase classname="backend.tests.test_pmm_api" name="test_posts_list" time="0.092" /><testcase classname="backend.tests.test_pmm_api" name="test_post_detail" time="0.076" /><testcase classname="backend.tests.test_pmm_api" name="test_post_not_found" time="0.062" /><testcase classname="backend.tests.test_pmm_api" name="test_services" time="0.060" /><testcase classname="backend.tests.test_pmm_api" name="test_create_lead_and_list" time="0.193" /></testsuite></testsuites>